============================== Certificate Automation Log ==============================
Started: Wed 15 Oct 2025 00:14:15 IST
Mode: Interactive
Configuration: CSR Retention = 5
========================================================================================


Starting certificate automation process...
Log file: ./digicert_cert_automation_20251015_001412.log
============================================================================

Step 0: Fetching zone details from Cloudflare...
Zone Details Response: {"result":{"id":"c3aaef7ffc39aa38f9d33b8dbdaafab8","name":"digicert-demo.com","status":"active","paused":false,"type":"full","development_mode":0,"name_servers":["josephine.ns.cloudflare.com","todd.ns.cloudflare.com"],"original_name_servers":["chuck.ns.cloudflare.com","tori.ns.cloudflare.com"],"original_registrar":"markmonitor inc. (id: 292)","original_dnshost":null,"modified_on":"2025-10-08T14:42:19.961162Z","created_on":"2023-04-24T16:21:21.700212Z","activated_on":"2023-05-03T16:19:27.120205Z","vanity_name_servers":[],"vanity_name_servers_ips":[],"meta":{"step":2,"custom_certificate_quota":1,"page_rule_quota":100,"phishing_detected":false},"owner":{"id":"e62896d086d6f03ea8acb0aa654bc60c","type":"organization","name":"DigiCert DNS Account"},"account":{"id":"e62896d086d6f03ea8acb0aa654bc60c","name":"DigiCert DNS Account"},"tenant":{"id":null,"name":null},"tenant_unit":{"id":null},"permissions":["#waf:read","#waf:edit","#zone_settings:read","#zone_settings:edit","#ssl:edit","#ssl:read","#zone:read"],"plan":{"id":"94f3b7b768b0458b56d2cac4fe5ec0f9","name":"Enterprise Website","price":0,"currency":"USD","frequency":"","is_subscribed":true,"can_subscribe":true,"legacy_id":"enterprise","legacy_discount":false,"externally_managed":true}},"success":true,"errors":[],"messages":[]}
✓ Zone found:
  Domain: digicert-demo.com
  Status: active

Step 1: Checking for existing certificates for domain: digicert-demo.com...
Existing Certificates Response: {"result":[{"id":"8c9f06c7-716c-4eaa-96be-96b317ef7f91","type":"sni_custom","hosts":["www.digicert-demo.com","digicert-demo.com"],"issuer":"RudloffInc","signature":"SHA256WithRSA","bundle_method":"force","zone_id":"c3aaef7ffc39aa38f9d33b8dbdaafab8","uploaded_on":"2025-10-14T18:43:29.804751Z","modified_on":"2025-10-14T18:43:32.365585Z","expires_on":"2026-10-14T18:43:27.000000Z","priority":0,"status":"active","custom_csr_id":"3de186b9-c8ad-44e6-8563-2a0f311370c2"}],"result_info":{"page":1,"per_page":20,"total_pages":1,"count":1,"total_count":1},"success":true,"errors":[],"messages":[]}
Found existing certificate for domain: digicert-demo.com
  Existing Certificate ID: 8c9f06c7-716c-4eaa-96be-96b317ef7f91
  Expires: 2026-10-14T18:43:27.000000Z

Replace existing certificate? (y/n): n
Certificate replacement cancelled.
